<?xml version="1.0" encoding="UTF-8"?>
<coverage generated="1734643030393" clover="3.2.0">
  <project timestamp="1734643030393" name="All files">
    <metrics statements="12" coveredstatements="10" conditionals="4" coveredconditionals="3" methods="3" coveredmethods="2" elements="19" coveredelements="15" complexity="0" loc="12" ncloc="12" packages="1" files="1" classes="1"/>
    <file name="index.js" path="/home/magnus/web/node/projects/my-mashup/index.js">
      <metrics statements="12" coveredstatements="10" conditionals="4" coveredconditionals="3" methods="3" coveredmethods="2"/>
      <line num="5" count="1" type="cond" truecount="2" falsecount="0"/>
      <line num="6" count="1" type="stmt"/>
      <line num="8" count="1" type="stmt"/>
      <line num="10" count="1" type="stmt"/>
      <line num="11" count="1" type="stmt"/>
      <line num="12" count="1" type="stmt"/>
      <line num="13" count="1" type="stmt"/>
      <line num="18" count="1" type="stmt"/>
      <line num="19" count="1" type="stmt"/>
      <line num="24" count="1" type="cond" truecount="1" falsecount="1"/>
      <line num="25" count="0" type="stmt"/>
      <line num="26" count="0" type="stmt"/>
    </file>
  </project>
</coverage>
